[2026-04-02T22:03:39Z] OTTER SCAN | No new transcripts found. Skipping.
[2026-04-02T22:03:39Z] WORKER | No pending auto tasks. Skipping.
[2026-04-03T07:03:03Z] SCHEMA UPDATE | Added due_date, source fields to tasks.json
[2026-04-03T07:03:03Z] UX UPDATE | Dashboard updated: copy buttons, due-date badges, source badges, sort-by-due-date
[2026-04-03T07:03:03Z] EA INTAKE SHEET | Created: https://docs.google.com/spreadsheets/d/1T5-5rluCNPtjRcVU3Y8Y4yc6g9akLa9NlHqicSLsbfQ/edit
[2026-04-03T07:03:03Z] SCANNER UPDATE | Now uses scan_state.json for timestamps; scans transcripts folder directly
[2026-04-03T07:03:03Z] LOG UPDATE | Log path updated to tasks.log in GitHub repo
[2026-04-03T07:08:55Z] OTTER SCAN | No new transcripts found. Skipping.
[2026-04-03T07:08:55Z] EA INTAKE | No new rows. Skipping.
[2026-04-03T07:08:55Z] WORKER | No pending auto tasks. Skipping.
[2026-04-03T07:11:37Z] UI UPDATE | Ocean theme, drag-and-drop, comments panel, comments schema
[2026-04-03T07:14:19Z] EA FORM | Created Google Form (ID: 1CulhslcWLgdYPUSuUqbZ1aboEDjvbZcpoL8bSC4lf30)
[2026-04-03T07:14:19Z] SCANNER | Updated to poll form responses via Forms API
[2026-04-03T12:04:24Z] OTTER SCAN | No new transcripts found. Skipping.
[2026-04-03T12:04:24Z] WORKER | No auto tasks awaiting work. Skipping.
[2026-04-03T20:06:45Z] FILE SCAN | Otter: 'Growth Strategy Meeting' found but already processed (dedup - tasks exist from previous run). Skipping.
[2026-04-03T20:06:45Z] FILE SCAN | Inbox: No new files found. Skipping.
[2026-04-03T20:06:45Z] FORM INTAKE | Processed 1 submission(s): Meeting request: CPM automation review | Owners: Assistance
[2026-04-03T20:06:45Z] WORKER | Auto task 'Call attorney for brooke' already attempted and blocked (requires phone call). Skipping.
[2026-04-03T20:06:45Z] RECURRING | No completed recurring tasks found. Skipping.
